This file contains any messages produced by compilers while
running configure, to aid debugging if configure makes a mistake.

It was created by libpng configure 1.5.6, which was
generated by GNU Autoconf 2.68.  Invocation command line was

  $ ./configure CC=/home/bob/work_tcl/novatekoss/gcc-nt667_linux/bin/arm-linux-gnueabihf-gcc --host=arm-linux CFLAGS=-I/home/bob/work_tcl/dlna/qrencode/libpng-1.5.6/_zlib_install/include LDFLAGS=-L/home/bob/work_tcl/dlna/qrencode/libpng-1.5.6/_zlib_install/lib -lz

## --------- ##
## Platform. ##
## --------- ##

hostname = bob-ubuntu
uname -m = x86_64
uname -r = 3.5.0-23-generic
uname -s = Linux
uname -v = #35~precise1-Ubuntu SMP Fri Jan 25 17:13:26 UTC 2013

/usr/bin/uname -p = unknown
/bin/uname -X     = unknown

/bin/arch              = unknown
/usr/bin/arch -k       = unknown
/usr/convex/getsysinfo = unknown
/usr/bin/hostinfo      = unknown
/bin/machine           = unknown
/usr/bin/oslevel       = unknown
/bin/universe          = unknown

PATH: /usr/lib/jvm/jdk1.6.0_45/bin
PATH: /usr/lib/jvm/jdk1.6.0_45/jre/bin
PATH: /usr/local/sbin
PATH: /usr/local/bin
PATH: /usr/sbin
PATH: /usr/bin
PATH: /sbin
PATH: /bin
PATH: /usr/games
PATH: /home/bob/work_tcl/novatekoss/gcc-nt667_linux/bin/


## ----------- ##
## Core tests. ##
## ----------- ##

configure:2305: checking for a BSD-compatible install
configure:2373: result: /usr/bin/install -c
configure:2384: checking whether build environment is sane
configure:2434: result: yes
configure:2483: checking for arm-linux-strip
configure:2513: result: no
configure:2523: checking for strip
configure:2539: found /usr/bin/strip
configure:2550: result: strip
configure:2575: checking for a thread-safe mkdir -p
configure:2614: result: /bin/mkdir -p
configure:2627: checking for gawk
configure:2657: result: no
configure:2627: checking for mawk
configure:2643: found /usr/bin/mawk
configure:2654: result: mawk
configure:2665: checking whether make sets $(MAKE)
configure:2687: result: yes
configure:2768: checking whether to enable maintainer-specific portions of Makefiles
configure:2777: result: no
configure:2816: checking for arm-linux-gcc
configure:2843: result: /home/bob/work_tcl/novatekoss/gcc-nt667_linux/bin/arm-linux-gnueabihf-gcc
configure:3112: checking for C compiler version
configure:3121: /home/bob/work_tcl/novatekoss/gcc-nt667_linux/bin/arm-linux-gnueabihf-gcc --version >&5
arm-linux-gnueabihf-gcc (crosstool-NG linaro-1.13.1-4.7-2013.04-20130415 - Linaro GCC 2013.04) 4.7.3 20130328 (prerelease)
Copyright (C) 2012 Free Software Foundation, Inc.
This is free software; see the source for copying conditions.  There is NO
warranty; not even for MERCHANTABILITY or FITNESS FOR A PARTICULAR PURPOSE.

configure:3132: $? = 0
configure:3121: /home/bob/work_tcl/novatekoss/gcc-nt667_linux/bin/arm-linux-gnueabihf-gcc -v >&5
Using built-in specs.
COLLECT_GCC=/home/bob/work_tcl/novatekoss/gcc-nt667_linux/bin/arm-linux-gnueabihf-gcc
COLLECT_LTO_WRAPPER=/home/bob/work_tcl/novatekoss/gcc-nt667_linux/bin/../libexec/gcc/arm-linux-gnueabihf/4.7.3/lto-wrapper
Target: arm-linux-gnueabihf
Configured with: /cbuild/slaves/oorts/crosstool-ng/builds/arm-linux-gnueabihf-linux/.build/src/gcc-linaro-4.7-2013.04/configure --build=i686-build_pc-linux-gnu --host=i686-build_pc-linux-gnu --target=arm-linux-gnueabihf --prefix=/cbuild/slaves/oorts/crosstool-ng/builds/arm-linux-gnueabihf-linux/install --with-sysroot=/cbuild/slaves/oorts/crosstool-ng/builds/arm-linux-gnueabihf-linux/install/arm-linux-gnueabihf/libc --enable-languages=c,c++,fortran --enable-multilib --with-arch=armv7-a --with-tune=cortex-a9 --with-fpu=vfpv3-d16 --with-float=hard --with-pkgversion='crosstool-NG linaro-1.13.1-4.7-2013.04-20130415 - Linaro GCC 2013.04' --with-bugurl=https://bugs.launchpad.net/gcc-linaro --enable-__cxa_atexit --enable-libmudflap --enable-libgomp --enable-libssp --with-gmp=/cbuild/slaves/oorts/crosstool-ng/builds/arm-linux-gnueabihf-linux/.build/arm-linux-gnueabihf/build/static --with-mpfr=/cbuild/slaves/oorts/crosstool-ng/builds/arm-linux-gnueabihf-linux/.build/arm-linux-gnueabihf/build/static --with-mpc=/cbuild/slaves/oorts/crosstool-ng/builds/arm-linux-gnueabihf-linux/.build/arm-linux-gnueabihf/build/static --with-ppl=/cbuild/slaves/oorts/crosstool-ng/builds/arm-linux-gnueabihf-linux/.build/arm-linux-gnueabihf/build/static --with-cloog=/cbuild/slaves/oorts/crosstool-ng/builds/arm-linux-gnueabihf-linux/.build/arm-linux-gnueabihf/build/static --with-libelf=/cbuild/slaves/oorts/crosstool-ng/builds/arm-linux-gnueabihf-linux/.build/arm-linux-gnueabihf/build/static --with-host-libstdcxx='-L/cbuild/slaves/oorts/crosstool-ng/builds/arm-linux-gnueabihf-linux/.build/arm-linux-gnueabihf/build/static/lib -lpwl' --enable-threads=posix --disable-libstdcxx-pch --enable-linker-build-id --enable-gold --with-local-prefix=/cbuild/slaves/oorts/crosstool-ng/builds/arm-linux-gnueabihf-linux/install/arm-linux-gnueabihf/libc --enable-c99 --enable-long-long --with-mode=thumb
Thread model: posix
gcc version 4.7.3 20130328 (prerelease) (crosstool-NG linaro-1.13.1-4.7-2013.04-20130415 - Linaro GCC 2013.04) 
configure:3132: $? = 0
configure:3121: /home/bob/work_tcl/novatekoss/gcc-nt667_linux/bin/arm-linux-gnueabihf-gcc -V >&5
arm-linux-gnueabihf-gcc: error: unrecognized command line option '-V'
arm-linux-gnueabihf-gcc: fatal error: no input files
compilation terminated.
configure:3132: $? = 1
configure:3121: /home/bob/work_tcl/novatekoss/gcc-nt667_linux/bin/arm-linux-gnueabihf-gcc -qversion >&5
arm-linux-gnueabihf-gcc: error: unrecognized command line option '-qversion'
arm-linux-gnueabihf-gcc: fatal error: no input files
compilation terminated.
configure:3132: $? = 1
configure:3152: checking whether the C compiler works
configure:3174: /home/bob/work_tcl/novatekoss/gcc-nt667_linux/bin/arm-linux-gnueabihf-gcc -I/home/bob/work_tcl/dlna/qrencode/libpng-1.5.6/_zlib_install/include  -L/home/bob/work_tcl/dlna/qrencode/libpng-1.5.6/_zlib_install/lib -lz conftest.c  >&5
configure:3178: $? = 0
configure:3226: result: yes
configure:3229: checking for C compiler default output file name
configure:3231: result: a.out
configure:3237: checking for suffix of executables
configure:3244: /home/bob/work_tcl/novatekoss/gcc-nt667_linux/bin/arm-linux-gnueabihf-gcc -o conftest -I/home/bob/work_tcl/dlna/qrencode/libpng-1.5.6/_zlib_install/include  -L/home/bob/work_tcl/dlna/qrencode/libpng-1.5.6/_zlib_install/lib -lz conftest.c  >&5
configure:3248: $? = 0
configure:3270: result: 
configure:3292: checking whether we are cross compiling
configure:3300: /home/bob/work_tcl/novatekoss/gcc-nt667_linux/bin/arm-linux-gnueabihf-gcc -o conftest -I/home/bob/work_tcl/dlna/qrencode/libpng-1.5.6/_zlib_install/include  -L/home/bob/work_tcl/dlna/qrencode/libpng-1.5.6/_zlib_install/lib -lz conftest.c  >&5
configure:3304: $? = 0
configure:3311: ./conftest
./configure: line 3313: ./conftest: cannot execute binary file
configure:3315: $? = 126
configure:3330: result: yes
configure:3335: checking for suffix of object files
configure:3357: /home/bob/work_tcl/novatekoss/gcc-nt667_linux/bin/arm-linux-gnueabihf-gcc -c -I/home/bob/work_tcl/dlna/qrencode/libpng-1.5.6/_zlib_install/include  conftest.c >&5
configure:3361: $? = 0
configure:3382: result: o
configure:3386: checking whether we are using the GNU C compiler
configure:3405: /home/bob/work_tcl/novatekoss/gcc-nt667_linux/bin/arm-linux-gnueabihf-gcc -c -I/home/bob/work_tcl/dlna/qrencode/libpng-1.5.6/_zlib_install/include  conftest.c >&5
configure:3405: $? = 0
configure:3414: result: yes
configure:3423: checking whether /home/bob/work_tcl/novatekoss/gcc-nt667_linux/bin/arm-linux-gnueabihf-gcc accepts -g
configure:3443: /home/bob/work_tcl/novatekoss/gcc-nt667_linux/bin/arm-linux-gnueabihf-gcc -c -g  conftest.c >&5
configure:3443: $? = 0
configure:3484: result: yes
configure:3501: checking for /home/bob/work_tcl/novatekoss/gcc-nt667_linux/bin/arm-linux-gnueabihf-gcc option to accept ISO C89
configure:3565: /home/bob/work_tcl/novatekoss/gcc-nt667_linux/bin/arm-linux-gnueabihf-gcc  -c -I/home/bob/work_tcl/dlna/qrencode/libpng-1.5.6/_zlib_install/include  conftest.c >&5
configure:3565: $? = 0
configure:3578: result: none needed
configure:3609: checking for style of include used by make
configure:3637: result: GNU
configure:3662: checking dependency style of /home/bob/work_tcl/novatekoss/gcc-nt667_linux/bin/arm-linux-gnueabihf-gcc
configure:3772: result: gcc3
configure:3791: checking build system type
configure:3805: result: x86_64-unknown-linux-gnu
configure:3825: checking host system type
configure:3838: result: arm-unknown-linux-gnu
configure:3858: checking for a sed that does not truncate output
configure:3922: result: /bin/sed
configure:3940: checking for grep that handles long lines and -e
configure:3998: result: /bin/grep
configure:4003: checking for egrep
configure:4065: result: /bin/grep -E
configure:4070: checking for fgrep
configure:4132: result: /bin/grep -F
configure:4159: checking how to print strings
configure:4186: result: printf
configure:4219: checking for ld used by /home/bob/work_tcl/novatekoss/gcc-nt667_linux/bin/arm-linux-gnueabihf-gcc
configure:4286: result: /home/bob/work_tcl/novatekoss/gcc-nt667_linux/arm-linux-gnueabihf/bin/ld
configure:4293: checking if the linker (/home/bob/work_tcl/novatekoss/gcc-nt667_linux/arm-linux-gnueabihf/bin/ld) is GNU ld
configure:4308: result: yes
configure:4325: checking how to run the C preprocessor
configure:4356: /home/bob/work_tcl/novatekoss/gcc-nt667_linux/bin/arm-linux-gnueabihf-gcc -E  conftest.c
configure:4356: $? = 0
configure:4370: /home/bob/work_tcl/novatekoss/gcc-nt667_linux/bin/arm-linux-gnueabihf-gcc -E  conftest.c
conftest.c:11:28: fatal error: ac_nonexistent.h: No such file or directory
compilation terminated.
configure:4370: $? = 1
configure: failed program was:
| /* confdefs.h */
| #define PACKAGE_NAME "libpng"
| #define PACKAGE_TARNAME "libpng"
| #define PACKAGE_VERSION "1.5.6"
| #define PACKAGE_STRING "libpng 1.5.6"
| #define PACKAGE_BUGREPORT "png-mng-implement@lists.sourceforge.net"
| #define PACKAGE_URL ""
| #define PACKAGE "libpng"
| #define VERSION "1.5.6"
| /* end confdefs.h.  */
| #include <ac_nonexistent.h>
configure:4395: result: /home/bob/work_tcl/novatekoss/gcc-nt667_linux/bin/arm-linux-gnueabihf-gcc -E
configure:4415: /home/bob/work_tcl/novatekoss/gcc-nt667_linux/bin/arm-linux-gnueabihf-gcc -E  conftest.c
configure:4415: $? = 0
configure:4429: /home/bob/work_tcl/novatekoss/gcc-nt667_linux/bin/arm-linux-gnueabihf-gcc -E  conftest.c
conftest.c:11:28: fatal error: ac_nonexistent.h: No such file or directory
compilation terminated.
configure:4429: $? = 1
configure: failed program was:
| /* confdefs.h */
| #define PACKAGE_NAME "libpng"
| #define PACKAGE_TARNAME "libpng"
| #define PACKAGE_VERSION "1.5.6"
| #define PACKAGE_STRING "libpng 1.5.6"
| #define PACKAGE_BUGREPORT "png-mng-implement@lists.sourceforge.net"
| #define PACKAGE_URL ""
| #define PACKAGE "libpng"
| #define VERSION "1.5.6"
| /* end confdefs.h.  */
| #include <ac_nonexistent.h>
configure:4460: checking for arm-linux-sed
configure:4487: result: /bin/sed
configure:4552: checking for arm-linux-awk
configure:4579: result: mawk
configure:4642: checking whether ln -s works
configure:4646: result: yes
configure:4653: checking whether make sets $(MAKE)
configure:4675: result: yes
configure:4726: checking for BSD- or MS-compatible name lister (nm)
configure:4775: result: no
configure:4789: checking for arm-linux-dumpbin
configure:4819: result: no
configure:4789: checking for arm-linux-link
configure:4819: result: no
configure:4833: checking for dumpbin
configure:4863: result: no
configure:4833: checking for link
configure:4849: found /usr/bin/link
configure:4860: result: link -dump
configure:4876: WARNING: using cross tools not prefixed with host triplet
configure:4905: checking the name lister (nm) interface
configure:4912: /home/bob/work_tcl/novatekoss/gcc-nt667_linux/bin/arm-linux-gnueabihf-gcc -c -I/home/bob/work_tcl/dlna/qrencode/libpng-1.5.6/_zlib_install/include  conftest.c >&5
configure:4915: nm "conftest.o"
configure:4918: output
00000000 b $d
00000000 B some_variable
configure:4925: result: BSD nm
configure:4929: checking the maximum length of command line arguments
configure:5054: result: 1572864
configure:5071: checking whether the shell understands some XSI constructs
configure:5081: result: yes
configure:5085: checking whether the shell understands "+="
configure:5091: result: yes
configure:5126: checking how to convert x86_64-unknown-linux-gnu file names to arm-unknown-linux-gnu format
configure:5166: result: func_convert_file_noop
configure:5173: checking how to convert x86_64-unknown-linux-gnu file names to toolchain format
configure:5193: result: func_convert_file_noop
configure:5200: checking for /home/bob/work_tcl/novatekoss/gcc-nt667_linux/arm-linux-gnueabihf/bin/ld option to reload object files
configure:5207: result: -r
configure:5241: checking for arm-linux-objdump
configure:5271: result: no
configure:5281: checking for objdump
configure:5297: found /usr/bin/objdump
configure:5308: result: objdump
configure:5337: checking how to recognize dependent libraries
configure:5539: result: pass_all
configure:5584: checking for arm-linux-dlltool
configure:5614: result: no
configure:5624: checking for dlltool
configure:5654: result: no
configure:5681: checking how to associate runtime and link libraries
configure:5708: result: printf %s\n
configure:5725: checking for arm-linux-ar
configure:5755: result: no
configure:5769: checking for ar
configure:5785: found /usr/bin/ar
configure:5796: result: ar
configure:5833: checking for archiver @FILE support
configure:5850: /home/bob/work_tcl/novatekoss/gcc-nt667_linux/bin/arm-linux-gnueabihf-gcc -c -I/home/bob/work_tcl/dlna/qrencode/libpng-1.5.6/_zlib_install/include  conftest.c >&5
configure:5850: $? = 0
configure:5853: ar cru libconftest.a @conftest.lst >&5
configure:5856: $? = 0
configure:5861: ar cru libconftest.a @conftest.lst >&5
ar: conftest.o: No such file or directory
configure:5864: $? = 1
configure:5876: result: @
configure:5894: checking for arm-linux-strip
configure:5921: result: strip
configure:5993: checking for arm-linux-ranlib
configure:6023: result: no
configure:6033: checking for ranlib
configure:6049: found /usr/bin/ranlib
configure:6060: result: ranlib
configure:6162: checking command to parse nm output from /home/bob/work_tcl/novatekoss/gcc-nt667_linux/bin/arm-linux-gnueabihf-gcc object
configure:6281: /home/bob/work_tcl/novatekoss/gcc-nt667_linux/bin/arm-linux-gnueabihf-gcc -c -I/home/bob/work_tcl/dlna/qrencode/libpng-1.5.6/_zlib_install/include  conftest.c >&5
configure:6284: $? = 0
configure:6288: nm conftest.o \| sed -n -e 's/^.*[ ]\([ABCDGIRSTW][ABCDGIRSTW]*\)[ ][ ]*\([_A-Za-z][_A-Za-z0-9]*\)$/\1 \2 \2/p' | sed '/ __gnu_lto/d' \> conftest.nm
configure:6291: $? = 0
configure:6357: /home/bob/work_tcl/novatekoss/gcc-nt667_linux/bin/arm-linux-gnueabihf-gcc -o conftest -I/home/bob/work_tcl/dlna/qrencode/libpng-1.5.6/_zlib_install/include  -L/home/bob/work_tcl/dlna/qrencode/libpng-1.5.6/_zlib_install/lib -lz conftest.c conftstm.o >&5
configure:6360: $? = 0
configure:6398: result: ok
configure:6435: checking for sysroot
configure:6465: result: no
configure:6668: checking for arm-linux-mt
configure:6698: result: no
configure:6708: checking for mt
configure:6724: found /bin/mt
configure:6735: result: mt
configure:6758: checking if mt is a manifest tool
configure:6764: mt '-?'
configure:6772: result: no
configure:7400: checking for ANSI C header files
configure:7420: /home/bob/work_tcl/novatekoss/gcc-nt667_linux/bin/arm-linux-gnueabihf-gcc -c -I/home/bob/work_tcl/dlna/qrencode/libpng-1.5.6/_zlib_install/include  conftest.c >&5
configure:7420: $? = 0
configure:7504: result: yes
configure:7517: checking for sys/types.h
configure:7517: /home/bob/work_tcl/novatekoss/gcc-nt667_linux/bin/arm-linux-gnueabihf-gcc -c -I/home/bob/work_tcl/dlna/qrencode/libpng-1.5.6/_zlib_install/include  conftest.c >&5
configure:7517: $? = 0
configure:7517: result: yes
configure:7517: checking for sys/stat.h
configure:7517: /home/bob/work_tcl/novatekoss/gcc-nt667_linux/bin/arm-linux-gnueabihf-gcc -c -I/home/bob/work_tcl/dlna/qrencode/libpng-1.5.6/_zlib_install/include  conftest.c >&5
configure:7517: $? = 0
configure:7517: result: yes
configure:7517: checking for stdlib.h
configure:7517: /home/bob/work_tcl/novatekoss/gcc-nt667_linux/bin/arm-linux-gnueabihf-gcc -c -I/home/bob/work_tcl/dlna/qrencode/libpng-1.5.6/_zlib_install/include  conftest.c >&5
configure:7517: $? = 0
configure:7517: result: yes
configure:7517: checking for string.h
configure:7517: /home/bob/work_tcl/novatekoss/gcc-nt667_linux/bin/arm-linux-gnueabihf-gcc -c -I/home/bob/work_tcl/dlna/qrencode/libpng-1.5.6/_zlib_install/include  conftest.c >&5
configure:7517: $? = 0
configure:7517: result: yes
configure:7517: checking for memory.h
configure:7517: /home/bob/work_tcl/novatekoss/gcc-nt667_linux/bin/arm-linux-gnueabihf-gcc -c -I/home/bob/work_tcl/dlna/qrencode/libpng-1.5.6/_zlib_install/include  conftest.c >&5
configure:7517: $? = 0
configure:7517: result: yes
configure:7517: checking for strings.h
configure:7517: /home/bob/work_tcl/novatekoss/gcc-nt667_linux/bin/arm-linux-gnueabihf-gcc -c -I/home/bob/work_tcl/dlna/qrencode/libpng-1.5.6/_zlib_install/include  conftest.c >&5
configure:7517: $? = 0
configure:7517: result: yes
configure:7517: checking for inttypes.h
configure:7517: /home/bob/work_tcl/novatekoss/gcc-nt667_linux/bin/arm-linux-gnueabihf-gcc -c -I/home/bob/work_tcl/dlna/qrencode/libpng-1.5.6/_zlib_install/include  conftest.c >&5
configure:7517: $? = 0
configure:7517: result: yes
configure:7517: checking for stdint.h
configure:7517: /home/bob/work_tcl/novatekoss/gcc-nt667_linux/bin/arm-linux-gnueabihf-gcc -c -I/home/bob/work_tcl/dlna/qrencode/libpng-1.5.6/_zlib_install/include  conftest.c >&5
configure:7517: $? = 0
configure:7517: result: yes
configure:7517: checking for unistd.h
configure:7517: /home/bob/work_tcl/novatekoss/gcc-nt667_linux/bin/arm-linux-gnueabihf-gcc -c -I/home/bob/work_tcl/dlna/qrencode/libpng-1.5.6/_zlib_install/include  conftest.c >&5
configure:7517: $? = 0
configure:7517: result: yes
configure:7531: checking for dlfcn.h
configure:7531: /home/bob/work_tcl/novatekoss/gcc-nt667_linux/bin/arm-linux-gnueabihf-gcc -c -I/home/bob/work_tcl/dlna/qrencode/libpng-1.5.6/_zlib_install/include  conftest.c >&5
configure:7531: $? = 0
configure:7531: result: yes
configure:8016: checking for objdir
configure:8031: result: .libs
configure:8298: checking if /home/bob/work_tcl/novatekoss/gcc-nt667_linux/bin/arm-linux-gnueabihf-gcc supports -fno-rtti -fno-exceptions
configure:8316: /home/bob/work_tcl/novatekoss/gcc-nt667_linux/bin/arm-linux-gnueabihf-gcc -c -I/home/bob/work_tcl/dlna/qrencode/libpng-1.5.6/_zlib_install/include  -fno-rtti -fno-exceptions conftest.c >&5
cc1: warning: command line option '-fno-rtti' is valid for C++/ObjC++ but not for C [enabled by default]
configure:8320: $? = 0
configure:8333: result: no
configure:8643: checking for /home/bob/work_tcl/novatekoss/gcc-nt667_linux/bin/arm-linux-gnueabihf-gcc option to produce PIC
configure:8650: result: -fPIC -DPIC
configure:8658: checking if /home/bob/work_tcl/novatekoss/gcc-nt667_linux/bin/arm-linux-gnueabihf-gcc PIC flag -fPIC -DPIC works
configure:8676: /home/bob/work_tcl/novatekoss/gcc-nt667_linux/bin/arm-linux-gnueabihf-gcc -c -I/home/bob/work_tcl/dlna/qrencode/libpng-1.5.6/_zlib_install/include  -fPIC -DPIC -DPIC conftest.c >&5
configure:8680: $? = 0
configure:8693: result: yes
configure:8722: checking if /home/bob/work_tcl/novatekoss/gcc-nt667_linux/bin/arm-linux-gnueabihf-gcc static flag -static works
configure:8750: result: yes
configure:8765: checking if /home/bob/work_tcl/novatekoss/gcc-nt667_linux/bin/arm-linux-gnueabihf-gcc supports -c -o file.o
configure:8786: /home/bob/work_tcl/novatekoss/gcc-nt667_linux/bin/arm-linux-gnueabihf-gcc -c -I/home/bob/work_tcl/dlna/qrencode/libpng-1.5.6/_zlib_install/include  -o out/conftest2.o conftest.c >&5
configure:8790: $? = 0
configure:8812: result: yes
configure:8820: checking if /home/bob/work_tcl/novatekoss/gcc-nt667_linux/bin/arm-linux-gnueabihf-gcc supports -c -o file.o
configure:8867: result: yes
configure:8900: checking whether the /home/bob/work_tcl/novatekoss/gcc-nt667_linux/bin/arm-linux-gnueabihf-gcc linker (/home/bob/work_tcl/novatekoss/gcc-nt667_linux/arm-linux-gnueabihf/bin/ld) supports shared libraries
configure:10058: result: yes
configure:10095: checking whether -lc should be explicitly linked in
configure:10103: /home/bob/work_tcl/novatekoss/gcc-nt667_linux/bin/arm-linux-gnueabihf-gcc -c -I/home/bob/work_tcl/dlna/qrencode/libpng-1.5.6/_zlib_install/include  conftest.c >&5
configure:10106: $? = 0
configure:10121: /home/bob/work_tcl/novatekoss/gcc-nt667_linux/bin/arm-linux-gnueabihf-gcc -shared  -fPIC -DPIC conftest.o  -v -Wl,-soname -Wl,conftest -o conftest 2\>\&1 \| /bin/grep  -lc  \>/dev/null 2\>\&1
configure:10124: $? = 0
configure:10138: result: no
configure:10303: checking dynamic linker characteristics
configure:10817: /home/bob/work_tcl/novatekoss/gcc-nt667_linux/bin/arm-linux-gnueabihf-gcc -o conftest -I/home/bob/work_tcl/dlna/qrencode/libpng-1.5.6/_zlib_install/include  -L/home/bob/work_tcl/dlna/qrencode/libpng-1.5.6/_zlib_install/lib -lz -Wl,-rpath -Wl,/foo conftest.c  >&5
configure:10817: $? = 0
configure:11039: result: GNU/Linux ld.so
configure:11146: checking how to hardcode library paths into programs
configure:11171: result: immediate
configure:11711: checking whether stripping libraries is possible
configure:11716: result: yes
configure:11751: checking if libtool supports shared libraries
configure:11753: result: yes
configure:11756: checking whether to build shared libraries
configure:11777: result: yes
configure:11780: checking whether to build static libraries
configure:11784: result: yes
configure:11824: checking for a C preprocessor that does not parse its input
configure:11830: /home/bob/work_tcl/novatekoss/gcc-nt667_linux/bin/arm-linux-gnueabihf-gcc -E  conftest.c
configure:11830: $? = 0
configure:11850: result: /home/bob/work_tcl/novatekoss/gcc-nt667_linux/bin/arm-linux-gnueabihf-gcc -E
configure:11861: checking for ANSI C header files
configure:11965: result: yes
configure:11976: checking malloc.h usability
configure:11976: /home/bob/work_tcl/novatekoss/gcc-nt667_linux/bin/arm-linux-gnueabihf-gcc -c -I/home/bob/work_tcl/dlna/qrencode/libpng-1.5.6/_zlib_install/include  conftest.c >&5
configure:11976: $? = 0
configure:11976: result: yes
configure:11976: checking malloc.h presence
configure:11976: /home/bob/work_tcl/novatekoss/gcc-nt667_linux/bin/arm-linux-gnueabihf-gcc -E  conftest.c
configure:11976: $? = 0
configure:11976: result: yes
configure:11976: checking for malloc.h
configure:11976: result: yes
configure:11976: checking for stdlib.h
configure:11976: result: yes
configure:11976: checking for string.h
configure:11976: result: yes
configure:11976: checking for strings.h
configure:11976: result: yes
configure:11988: checking for an ANSI C-conforming const
configure:12053: /home/bob/work_tcl/novatekoss/gcc-nt667_linux/bin/arm-linux-gnueabihf-gcc -c -I/home/bob/work_tcl/dlna/qrencode/libpng-1.5.6/_zlib_install/include  conftest.c >&5
configure:12053: $? = 0
configure:12060: result: yes
configure:12068: checking for size_t
configure:12068: /home/bob/work_tcl/novatekoss/gcc-nt667_linux/bin/arm-linux-gnueabihf-gcc -c -I/home/bob/work_tcl/dlna/qrencode/libpng-1.5.6/_zlib_install/include  conftest.c >&5
configure:12068: $? = 0
configure:12068: /home/bob/work_tcl/novatekoss/gcc-nt667_linux/bin/arm-linux-gnueabihf-gcc -c -I/home/bob/work_tcl/dlna/qrencode/libpng-1.5.6/_zlib_install/include  conftest.c >&5
conftest.c: In function 'main':
conftest.c:64:21: error: expected expression before ')' token
configure:12068: $? = 1
configure: failed program was:
| /* confdefs.h */
| #define PACKAGE_NAME "libpng"
| #define PACKAGE_TARNAME "libpng"
| #define PACKAGE_VERSION "1.5.6"
| #define PACKAGE_STRING "libpng 1.5.6"
| #define PACKAGE_BUGREPORT "png-mng-implement@lists.sourceforge.net"
| #define PACKAGE_URL ""
| #define PACKAGE "libpng"
| #define VERSION "1.5.6"
| #define STDC_HEADERS 1
| #define HAVE_SYS_TYPES_H 1
| #define HAVE_SYS_STAT_H 1
| #define HAVE_STDLIB_H 1
| #define HAVE_STRING_H 1
| #define HAVE_MEMORY_H 1
| #define HAVE_STRINGS_H 1
| #define HAVE_INTTYPES_H 1
| #define HAVE_STDINT_H 1
| #define HAVE_UNISTD_H 1
| #define HAVE_DLFCN_H 1
| #define LT_OBJDIR ".libs/"
| #define STDC_HEADERS 1
| #define HAVE_MALLOC_H 1
| #define HAVE_STDLIB_H 1
| #define HAVE_STRING_H 1
| #define HAVE_STRINGS_H 1
| /* end confdefs.h.  */
| #include <stdio.h>
| #ifdef HAVE_SYS_TYPES_H
| # include <sys/types.h>
| #endif
| #ifdef HAVE_SYS_STAT_H
| # include <sys/stat.h>
| #endif
| #ifdef STDC_HEADERS
| # include <stdlib.h>
| # include <stddef.h>
| #else
| # ifdef HAVE_STDLIB_H
| #  include <stdlib.h>
| # endif
| #endif
| #ifdef HAVE_STRING_H
| # if !defined STDC_HEADERS && defined HAVE_MEMORY_H
| #  include <memory.h>
| # endif
| # include <string.h>
| #endif
| #ifdef HAVE_STRINGS_H
| # include <strings.h>
| #endif
| #ifdef HAVE_INTTYPES_H
| # include <inttypes.h>
| #endif
| #ifdef HAVE_STDINT_H
| # include <stdint.h>
| #endif
| #ifdef HAVE_UNISTD_H
| # include <unistd.h>
| #endif
| int
| main ()
| {
| if (sizeof ((size_t)))
| 	    return 0;
|   ;
|   return 0;
| }
configure:12068: result: yes
configure:12079: checking whether struct tm is in sys/time.h or time.h
configure:12099: /home/bob/work_tcl/novatekoss/gcc-nt667_linux/bin/arm-linux-gnueabihf-gcc -c -I/home/bob/work_tcl/dlna/qrencode/libpng-1.5.6/_zlib_install/include  conftest.c >&5
configure:12099: $? = 0
configure:12106: result: time.h
configure:12116: checking for working strtod
configure:12167: result: no
configure:12176: checking for pow
configure:12176: /home/bob/work_tcl/novatekoss/gcc-nt667_linux/bin/arm-linux-gnueabihf-gcc -o conftest -I/home/bob/work_tcl/dlna/qrencode/libpng-1.5.6/_zlib_install/include  -L/home/bob/work_tcl/dlna/qrencode/libpng-1.5.6/_zlib_install/lib -lz conftest.c  >&5
conftest.c:51:6: warning: conflicting types for built-in function 'pow' [enabled by default]
/tmp/ccONsL2D.o: In function `main':
conftest.c:(.text+0x4): undefined reference to `pow'
collect2: error: ld returned 1 exit status
configure:12176: $? = 1
configure: failed program was:
| /* confdefs.h */
| #define PACKAGE_NAME "libpng"
| #define PACKAGE_TARNAME "libpng"
| #define PACKAGE_VERSION "1.5.6"
| #define PACKAGE_STRING "libpng 1.5.6"
| #define PACKAGE_BUGREPORT "png-mng-implement@lists.sourceforge.net"
| #define PACKAGE_URL ""
| #define PACKAGE "libpng"
| #define VERSION "1.5.6"
| #define STDC_HEADERS 1
| #define HAVE_SYS_TYPES_H 1
| #define HAVE_SYS_STAT_H 1
| #define HAVE_STDLIB_H 1
| #define HAVE_STRING_H 1
| #define HAVE_MEMORY_H 1
| #define HAVE_STRINGS_H 1
| #define HAVE_INTTYPES_H 1
| #define HAVE_STDINT_H 1
| #define HAVE_UNISTD_H 1
| #define HAVE_DLFCN_H 1
| #define LT_OBJDIR ".libs/"
| #define STDC_HEADERS 1
| #define HAVE_MALLOC_H 1
| #define HAVE_STDLIB_H 1
| #define HAVE_STRING_H 1
| #define HAVE_STRINGS_H 1
| /* end confdefs.h.  */
| /* Define pow to an innocuous variant, in case <limits.h> declares pow.
|    For example, HP-UX 11i <limits.h> declares gettimeofday.  */
| #define pow innocuous_pow
| 
| /* System header to define __stub macros and hopefully few prototypes,
|     which can conflict with char pow (); below.
|     Prefer <limits.h> to <assert.h> if __STDC__ is defined, since
|     <limits.h> exists even on freestanding compilers.  */
| 
| #ifdef __STDC__
| # include <limits.h>
| #else
| # include <assert.h>
| #endif
| 
| #undef pow
| 
| /* Override any GCC internal prototype to avoid an error.
|    Use char because int might match the return type of a GCC
|    builtin and then its argument prototype would still apply.  */
| #ifdef __cplusplus
| extern "C"
| #endif
| char pow ();
| /* The GNU C library defines this for functions which it implements
|     to always fail with ENOSYS.  Some functions are actually named
|     something starting with __ and the normal name is an alias.  */
| #if defined __stub_pow || defined __stub___pow
| choke me
| #endif
| 
| int
| main ()
| {
| return pow ();
|   ;
|   return 0;
| }
configure:12176: result: no
configure:12182: checking for pow in -lm
configure:12207: /home/bob/work_tcl/novatekoss/gcc-nt667_linux/bin/arm-linux-gnueabihf-gcc -o conftest -I/home/bob/work_tcl/dlna/qrencode/libpng-1.5.6/_zlib_install/include  -L/home/bob/work_tcl/dlna/qrencode/libpng-1.5.6/_zlib_install/lib -lz conftest.c -lm   >&5
conftest.c:35:6: warning: conflicting types for built-in function 'pow' [enabled by default]
configure:12207: $? = 0
configure:12216: result: yes
configure:12231: checking for memset
configure:12231: /home/bob/work_tcl/novatekoss/gcc-nt667_linux/bin/arm-linux-gnueabihf-gcc -o conftest -I/home/bob/work_tcl/dlna/qrencode/libpng-1.5.6/_zlib_install/include  -L/home/bob/work_tcl/dlna/qrencode/libpng-1.5.6/_zlib_install/lib -lz conftest.c  >&5
conftest.c:51:6: warning: conflicting types for built-in function 'memset' [enabled by default]
configure:12231: $? = 0
configure:12231: result: yes
configure:12244: checking for pow
configure:12244: result: no
configure:12251: checking for pow in -lm
configure:12285: result: yes
configure:12309: checking for zlibVersion in -lz
configure:12334: /home/bob/work_tcl/novatekoss/gcc-nt667_linux/bin/arm-linux-gnueabihf-gcc -o conftest -I/home/bob/work_tcl/dlna/qrencode/libpng-1.5.6/_zlib_install/include  -L/home/bob/work_tcl/dlna/qrencode/libpng-1.5.6/_zlib_install/lib -lz conftest.c -lz  -lm  >&5
configure:12334: $? = 0
configure:12343: result: yes
configure:12410: checking if libraries can be versioned
configure:12413: checking if using Solaris linker
configure:12422: result: no
configure:12453: result: yes
configure:12475: checking for symbol prefix
configure:12482: result: 
configure:12504: pkgconfig directory is ${libdir}/pkgconfig
configure:12672: creating ./config.status

## ---------------------- ##
## Running config.status. ##
## ---------------------- ##

This file was extended by libpng config.status 1.5.6, which was
generated by GNU Autoconf 2.68.  Invocation command line was

  CONFIG_FILES    = 
  CONFIG_HEADERS  = 
  CONFIG_LINKS    = 
  CONFIG_COMMANDS = 
  $ ./config.status 

on bob-ubuntu

config.status:1116: creating Makefile
config.status:1116: creating libpng.pc
config.status:1116: creating libpng-config
config.status:1116: creating config.h
config.status:1345: executing depfiles commands
config.status:1345: executing libtool commands

## ---------------- ##
## Cache variables. ##
## ---------------- ##

ac_cv_build=x86_64-unknown-linux-gnu
ac_cv_c_compiler_gnu=yes
ac_cv_c_const=yes
ac_cv_env_CC_set=set
ac_cv_env_CC_value=/home/bob/work_tcl/novatekoss/gcc-nt667_linux/bin/arm-linux-gnueabihf-gcc
ac_cv_env_CFLAGS_set=set
ac_cv_env_CFLAGS_value=-I/home/bob/work_tcl/dlna/qrencode/libpng-1.5.6/_zlib_install/include
ac_cv_env_CPPFLAGS_set=
ac_cv_env_CPPFLAGS_value=
ac_cv_env_CPP_set=
ac_cv_env_CPP_value=
ac_cv_env_LDFLAGS_set=set
ac_cv_env_LDFLAGS_value='-L/home/bob/work_tcl/dlna/qrencode/libpng-1.5.6/_zlib_install/lib -lz'
ac_cv_env_LIBS_set=
ac_cv_env_LIBS_value=
ac_cv_env_build_alias_set=
ac_cv_env_build_alias_value=
ac_cv_env_host_alias_set=set
ac_cv_env_host_alias_value=arm-linux
ac_cv_env_target_alias_set=
ac_cv_env_target_alias_value=
ac_cv_func_memset=yes
ac_cv_func_pow=no
ac_cv_func_strtod=no
ac_cv_header_dlfcn_h=yes
ac_cv_header_inttypes_h=yes
ac_cv_header_malloc_h=yes
ac_cv_header_memory_h=yes
ac_cv_header_stdc=yes
ac_cv_header_stdint_h=yes
ac_cv_header_stdlib_h=yes
ac_cv_header_string_h=yes
ac_cv_header_strings_h=yes
ac_cv_header_sys_stat_h=yes
ac_cv_header_sys_types_h=yes
ac_cv_header_unistd_h=yes
ac_cv_host=arm-unknown-linux-gnu
ac_cv_lib_m_pow=yes
ac_cv_lib_z_zlibVersion=yes
ac_cv_objext=o
ac_cv_path_EGREP='/bin/grep -E'
ac_cv_path_FGREP='/bin/grep -F'
ac_cv_path_GREP=/bin/grep
ac_cv_path_SED=/bin/sed
ac_cv_path_install='/usr/bin/install -c'
ac_cv_path_mkdir=/bin/mkdir
ac_cv_prog_AWK=mawk
ac_cv_prog_CC=/home/bob/work_tcl/novatekoss/gcc-nt667_linux/bin/arm-linux-gnueabihf-gcc
ac_cv_prog_CPP='/home/bob/work_tcl/novatekoss/gcc-nt667_linux/bin/arm-linux-gnueabihf-gcc -E'
ac_cv_prog_SED=/bin/sed
ac_cv_prog_STRIP=strip
ac_cv_prog_ac_ct_AR=ar
ac_cv_prog_ac_ct_DUMPBIN='link -dump'
ac_cv_prog_ac_ct_MANIFEST_TOOL=mt
ac_cv_prog_ac_ct_OBJDUMP=objdump
ac_cv_prog_ac_ct_RANLIB=ranlib
ac_cv_prog_ac_ct_STRIP=strip
ac_cv_prog_cc_c89=
ac_cv_prog_cc_g=yes
ac_cv_prog_make_make_set=yes
ac_cv_struct_tm=time.h
ac_cv_type_size_t=yes
am_cv_CC_dependencies_compiler_type=gcc3
lt_cv_ar_at_file=@
lt_cv_archive_cmds_need_lc=no
lt_cv_deplibs_check_method=pass_all
lt_cv_file_magic_cmd='$MAGIC_CMD'
lt_cv_file_magic_test_file=
lt_cv_ld_reload_flag=-r
lt_cv_nm_interface='BSD nm'
lt_cv_objdir=.libs
lt_cv_path_LD=/home/bob/work_tcl/novatekoss/gcc-nt667_linux/arm-linux-gnueabihf/bin/ld
lt_cv_path_NM=no
lt_cv_path_mainfest_tool=no
lt_cv_prog_compiler_c_o=yes
lt_cv_prog_compiler_pic='-fPIC -DPIC'
lt_cv_prog_compiler_pic_works=yes
lt_cv_prog_compiler_rtti_exceptions=no
lt_cv_prog_compiler_static_works=yes
lt_cv_prog_gnu_ld=yes
lt_cv_sharedlib_from_linklib_cmd='printf %s\n'
lt_cv_shlibpath_overrides_runpath=no
lt_cv_sys_global_symbol_pipe='sed -n -e '\''s/^.*[	 ]\([ABCDGIRSTW][ABCDGIRSTW]*\)[	 ][	 ]*\([_A-Za-z][_A-Za-z0-9]*\)$/\1 \2 \2/p'\'' | sed '\''/ __gnu_lto/d'\'''
lt_cv_sys_global_symbol_to_c_name_address='sed -n -e '\''s/^: \([^ ]*\)[ ]*$/  {\"\1\", (void *) 0},/p'\'' -e '\''s/^[ABCDGIRSTW]* \([^ ]*\) \([^ ]*\)$/  {"\2", (void *) \&\2},/p'\'''
lt_cv_sys_global_symbol_to_c_name_address_lib_prefix='sed -n -e '\''s/^: \([^ ]*\)[ ]*$/  {\"\1\", (void *) 0},/p'\'' -e '\''s/^[ABCDGIRSTW]* \([^ ]*\) \(lib[^ ]*\)$/  {"\2", (void *) \&\2},/p'\'' -e '\''s/^[ABCDGIRSTW]* \([^ ]*\) \([^ ]*\)$/  {"lib\2", (void *) \&\2},/p'\'''
lt_cv_sys_global_symbol_to_cdecl='sed -n -e '\''s/^T .* \(.*\)$/extern int \1();/p'\'' -e '\''s/^[ABCDGIRSTW]* .* \(.*\)$/extern char \1;/p'\'''
lt_cv_sys_max_cmd_len=1572864
lt_cv_to_host_file_cmd=func_convert_file_noop
lt_cv_to_tool_file_cmd=func_convert_file_noop

## ----------------- ##
## Output variables. ##
## ----------------- ##

ACLOCAL='${SHELL} /home/bob/work_tcl/dlna/qrencode/libpng-1.5.6/missing --run aclocal-1.11'
AMDEPBACKSLASH='\'
AMDEP_FALSE='#'
AMDEP_TRUE=''
AMTAR='${SHELL} /home/bob/work_tcl/dlna/qrencode/libpng-1.5.6/missing --run tar'
AR='ar'
AS='as'
AUTOCONF='${SHELL} /home/bob/work_tcl/dlna/qrencode/libpng-1.5.6/missing --run autoconf'
AUTOHEADER='${SHELL} /home/bob/work_tcl/dlna/qrencode/libpng-1.5.6/missing --run autoheader'
AUTOMAKE='${SHELL} /home/bob/work_tcl/dlna/qrencode/libpng-1.5.6/missing --run automake-1.11'
AWK='mawk'
CC='/home/bob/work_tcl/novatekoss/gcc-nt667_linux/bin/arm-linux-gnueabihf-gcc'
CCDEPMODE='depmode=gcc3'
CFLAGS='-I/home/bob/work_tcl/dlna/qrencode/libpng-1.5.6/_zlib_install/include'
CPP='/home/bob/work_tcl/novatekoss/gcc-nt667_linux/bin/arm-linux-gnueabihf-gcc -E'
CPPFLAGS=''
CYGPATH_W='echo'
DEFS='-DHAVE_CONFIG_H'
DEPDIR='.deps'
DFNCPP='/home/bob/work_tcl/novatekoss/gcc-nt667_linux/bin/arm-linux-gnueabihf-gcc -E'
DLLTOOL='false'
DSYMUTIL=''
DUMPBIN=':'
ECHO_C=''
ECHO_N='-n'
ECHO_T=''
EGREP='/bin/grep -E'
EXEEXT=''
FGREP='/bin/grep -F'
GREP='/bin/grep'
HAVE_LD_VERSION_SCRIPT_FALSE='#'
HAVE_LD_VERSION_SCRIPT_TRUE=''
HAVE_SOLARIS_LD_FALSE=''
HAVE_SOLARIS_LD_TRUE='#'
INSTALL_DATA='${INSTALL} -m 644'
INSTALL_PROGRAM='${INSTALL}'
INSTALL_SCRIPT='${INSTALL}'
INSTALL_STRIP_PROGRAM='$(install_sh) -c -s'
LD='/home/bob/work_tcl/novatekoss/gcc-nt667_linux/arm-linux-gnueabihf/bin/ld'
LDFLAGS='-L/home/bob/work_tcl/dlna/qrencode/libpng-1.5.6/_zlib_install/lib -lz'
LIBOBJS=' ${LIBOBJDIR}strtod$U.o'
LIBPNG_DEFINES='-DPNG_CONFIGURE_LIBPNG'
LIBS='-lz -lm '
LIBTOOL='$(SHELL) $(top_builddir)/libtool'
LIPO=''
LN_S='ln -s'
LTLIBOBJS=' ${LIBOBJDIR}strtod$U.lo'
MAINT='#'
MAINTAINER_MODE_FALSE=''
MAINTAINER_MODE_TRUE='#'
MAKEINFO='${SHELL} /home/bob/work_tcl/dlna/qrencode/libpng-1.5.6/missing --run makeinfo'
MANIFEST_TOOL=':'
MKDIR_P='/bin/mkdir -p'
NM='nm'
NMEDIT=''
OBJDUMP='objdump'
OBJEXT='o'
OTOOL64=''
OTOOL=''
PACKAGE='libpng'
PACKAGE_BUGREPORT='png-mng-implement@lists.sourceforge.net'
PACKAGE_NAME='libpng'
PACKAGE_STRING='libpng 1.5.6'
PACKAGE_TARNAME='libpng'
PACKAGE_URL=''
PACKAGE_VERSION='1.5.6'
PATH_SEPARATOR=':'
PNGLIB_MAJOR='1'
PNGLIB_MINOR='5'
PNGLIB_RELEASE='6'
PNGLIB_VERSION='1.5.6'
POW_LIB='-lm'
RANLIB='ranlib'
SED='/bin/sed'
SET_MAKE=''
SHELL='/bin/bash'
STRIP='strip'
SYMBOL_PREFIX=''
VERSION='1.5.6'
ac_ct_AR='ar'
ac_ct_CC=''
ac_ct_DUMPBIN='link -dump'
am__EXEEXT_FALSE=''
am__EXEEXT_TRUE='#'
am__fastdepCC_FALSE='#'
am__fastdepCC_TRUE=''
am__include='include'
am__isrc=''
am__leading_dot='.'
am__quote=''
am__tar='${AMTAR} chof - "$$tardir"'
am__untar='${AMTAR} xf -'
binconfigs='${binconfigs}'
bindir='${exec_prefix}/bin'
build='x86_64-unknown-linux-gnu'
build_alias=''
build_cpu='x86_64'
build_os='linux-gnu'
build_vendor='unknown'
datadir='${datarootdir}'
datarootdir='${prefix}/share'
docdir='${datarootdir}/doc/${PACKAGE_TARNAME}'
dvidir='${docdir}'
exec_prefix='${prefix}'
host='arm-unknown-linux-gnu'
host_alias='arm-linux'
host_cpu='arm'
host_os='linux-gnu'
host_vendor='unknown'
htmldir='${docdir}'
includedir='${prefix}/include'
infodir='${datarootdir}/info'
install_sh='${SHELL} /home/bob/work_tcl/dlna/qrencode/libpng-1.5.6/install-sh'
libdir='${exec_prefix}/lib'
libexecdir='${exec_prefix}/libexec'
localedir='${datarootdir}/locale'
localstatedir='${prefix}/var'
mandir='${datarootdir}/man'
mkdir_p='/bin/mkdir -p'
oldincludedir='/usr/include'
pdfdir='${docdir}'
pkgconfigdir='${libdir}/pkgconfig'
prefix='/usr/local'
program_transform_name='s,x,x,'
psdir='${docdir}'
sbindir='${exec_prefix}/sbin'
sharedstatedir='${prefix}/com'
sysconfdir='${prefix}/etc'
target_alias=''

## ----------- ##
## confdefs.h. ##
## ----------- ##

/* confdefs.h */
#define PACKAGE_NAME "libpng"
#define PACKAGE_TARNAME "libpng"
#define PACKAGE_VERSION "1.5.6"
#define PACKAGE_STRING "libpng 1.5.6"
#define PACKAGE_BUGREPORT "png-mng-implement@lists.sourceforge.net"
#define PACKAGE_URL ""
#define PACKAGE "libpng"
#define VERSION "1.5.6"
#define STDC_HEADERS 1
#define HAVE_SYS_TYPES_H 1
#define HAVE_SYS_STAT_H 1
#define HAVE_STDLIB_H 1
#define HAVE_STRING_H 1
#define HAVE_MEMORY_H 1
#define HAVE_STRINGS_H 1
#define HAVE_INTTYPES_H 1
#define HAVE_STDINT_H 1
#define HAVE_UNISTD_H 1
#define HAVE_DLFCN_H 1
#define LT_OBJDIR ".libs/"
#define STDC_HEADERS 1
#define HAVE_MALLOC_H 1
#define HAVE_STDLIB_H 1
#define HAVE_STRING_H 1
#define HAVE_STRINGS_H 1
#define HAVE_MEMSET 1
#define HAVE_LIBM 1
#define HAVE_LIBZ 1

configure: exit 0
